src/test/resources/com/google/cloud/bigtable/data/v2/stub/readrows/read-rows-acceptance-test.json
src/test/java/com/google/cloud/bigtable/gaxx/reframing/ReframingResponseObserverTest.java
src/test/java/com/google/cloud/bigtable/gaxx/testing/FakeStatusCode.java
src/test/java/com/google/cloud/bigtable/gaxx/testing/package-info.java
src/test/java/com/google/cloud/bigtable/gaxx/testing/MockStreamingApi.java
src/test/java/com/google/cloud/bigtable/gaxx/testing/FakeStreamingApi.java
src/test/java/com/google/cloud/bigtable/data/v2/stub/CheckAndMutateRowCallableTest.java
src/test/java/com/google/cloud/bigtable/data/v2/stub/mutaterows/MutateRowsBatchingDescriptorTest.java
src/test/java/com/google/cloud/bigtable/data/v2/stub/mutaterows/BulkMutateRowsRetryTest.java
src/test/java/com/google/cloud/bigtable/data/v2/stub/SampleRowKeysCallableTest.java
src/test/java/com/google/cloud/bigtable/data/v2/stub/MutateRowCallableTest.java
src/test/java/com/google/cloud/bigtable/data/v2/stub/readrows/ReadRowsRetryTest.java
src/test/java/com/google/cloud/bigtable/data/v2/stub/readrows/RowMergingCallableTest.java
src/test/java/com/google/cloud/bigtable/data/v2/stub/readrows/ReadRowsMergingAcceptanceTest.java
src/test/java/com/google/cloud/bigtable/data/v2/stub/readrows/ReadRowsUserCallableTest.java
src/test/java/com/google/cloud/bigtable/data/v2/stub/readrows/FilterMarkerRowsCallableTest.java
src/test/java/com/google/cloud/bigtable/data/v2/stub/readrows/ReadRowsFirstCallableTest.java
src/test/java/com/google/cloud/bigtable/data/v2/stub/ReadModifyWriteRowCallableTest.java
src/test/java/com/google/cloud/bigtable/data/v2/stub/EnhancedBigtableStubSettingsTest.java
src/test/java/com/google/cloud/bigtable/data/v2/BigtableDataClientTest.java
src/test/java/com/google/cloud/bigtable/data/v2/models/FiltersTest.java
src/test/java/com/google/cloud/bigtable/data/v2/models/DefaultRowAdapterTest.java
src/test/java/com/google/cloud/bigtable/data/v2/models/QueryTest.java
src/test/java/com/google/cloud/bigtable/data/v2/models/ConditionalRowMutationTest.java
src/test/java/com/google/cloud/bigtable/data/v2/models/ReadModifyWriteRowTest.java
src/test/java/com/google/cloud/bigtable/data/v2/models/MutationTest.java
src/test/java/com/google/cloud/bigtable/data/v2/models/RowTest.java
src/test/java/com/google/cloud/bigtable/data/v2/models/RowMutationTest.java
src/test/java/com/google/cloud/bigtable/data/v2/models/RangeTest.java
src/test/java/com/google/cloud/bigtable/data/v2/internal/RegexUtilTest.java
src/test/java/com/google/cloud/bigtable/data/v2/internal/ByteStringComparatorTest.java
src/main/java/com/google/cloud/bigtable/gaxx/package-info.java
src/main/java/com/google/cloud/bigtable/gaxx/reframing/package-info.java
src/main/java/com/google/cloud/bigtable/gaxx/reframing/IncompleteStreamException.java
src/main/java/com/google/cloud/bigtable/gaxx/reframing/ReframingResponseObserver.java
src/main/java/com/google/cloud/bigtable/gaxx/reframing/Reframer.java
src/main/java/com/google/cloud/bigtable/data/v2/BigtableDataSettings.java
src/main/java/com/google/cloud/bigtable/data/v2/BigtableDataClient.java
src/main/java/com/google/cloud/bigtable/data/v2/stub/CheckAndMutateRowCallable.java
src/main/java/com/google/cloud/bigtable/data/v2/stub/EnhancedBigtableStub.java
src/main/java/com/google/cloud/bigtable/data/v2/stub/mutaterows/MutateRowsUserFacingCallable.java
src/main/java/com/google/cloud/bigtable/data/v2/stub/mutaterows/package-info.java
src/main/java/com/google/cloud/bigtable/data/v2/stub/mutaterows/MutateRowsBatchingDescriptor.java
src/main/java/com/google/cloud/bigtable/data/v2/stub/mutaterows/MutateRowsSpoolingCallable.java
src/main/java/com/google/cloud/bigtable/data/v2/stub/EnhancedBigtableStubSettings.java
src/main/java/com/google/cloud/bigtable/data/v2/stub/readrows/RowMergingCallable.java
src/main/java/com/google/cloud/bigtable/data/v2/stub/readrows/package-info.java
src/main/java/com/google/cloud/bigtable/data/v2/stub/readrows/ReadRowsFirstCallable.java
src/main/java/com/google/cloud/bigtable/data/v2/stub/readrows/ReadRowsResumptionStrategy.java
src/main/java/com/google/cloud/bigtable/data/v2/stub/readrows/RowMerger.java
src/main/java/com/google/cloud/bigtable/data/v2/stub/readrows/StateMachine.java
src/main/java/com/google/cloud/bigtable/data/v2/stub/readrows/ReadRowsRetryCompletedCallable.java
src/main/java/com/google/cloud/bigtable/data/v2/stub/readrows/ReadRowsUserCallable.java
src/main/java/com/google/cloud/bigtable/data/v2/stub/readrows/FilterMarkerRowsCallable.java
src/main/java/com/google/cloud/bigtable/data/v2/stub/SampleRowKeysCallable.java
src/main/java/com/google/cloud/bigtable/data/v2/stub/MutateRowCallable.java
src/main/java/com/google/cloud/bigtable/data/v2/stub/ReadModifyWriteRowCallable.java
src/main/java/com/google/cloud/bigtable/data/v2/models/ReadModifyWriteRow.java
src/main/java/com/google/cloud/bigtable/data/v2/models/RowCell.java
src/main/java/com/google/cloud/bigtable/data/v2/models/Validations.java
src/main/java/com/google/cloud/bigtable/data/v2/models/RowMutation.java
src/main/java/com/google/cloud/bigtable/data/v2/models/BulkMutationBatcher.java
src/main/java/com/google/cloud/bigtable/data/v2/models/Mutation.java
src/main/java/com/google/cloud/bigtable/data/v2/models/DefaultRowAdapter.java
src/main/java/com/google/cloud/bigtable/data/v2/models/RowAdapter.java
src/main/java/com/google/cloud/bigtable/data/v2/models/KeyOffset.java
src/main/java/com/google/cloud/bigtable/data/v2/models/Range.java
src/main/java/com/google/cloud/bigtable/data/v2/models/ConditionalRowMutation.java
src/main/java/com/google/cloud/bigtable/data/v2/models/Filters.java
src/main/java/com/google/cloud/bigtable/data/v2/models/MutationApi.java
src/main/java/com/google/cloud/bigtable/data/v2/models/Row.java
src/main/java/com/google/cloud/bigtable/data/v2/models/Query.java
src/main/java/com/google/cloud/bigtable/data/v2/internal/ByteStringComparator.java
src/main/java/com/google/cloud/bigtable/data/v2/internal/DummyBatchingDescriptor.java
src/main/java/com/google/cloud/bigtable/data/v2/internal/RequestContext.java
src/main/java/com/google/cloud/bigtable/data/v2/internal/RegexUtil.java
